[14:11:23] [CanaryMod] [INFO]: Starting: null null
[14:11:23] [CanaryMod] [INFO]: Canary Path: /C:/Users/Aaron/Documents/NetBeansProjects/CanaryLib/target/classes/ & Working From: C:\Users\Aaron\Documents\NetBeansProjects\CanaryMod
[14:11:23] [CanaryMod] [FATAL]: Error occurred during start up, unable to continue... 
java.lang.NoClassDefFoundError: net/minecraft/command/ICommandSender
	at java.lang.ClassLoader.defineClass1(Native Method) ~[?:1.7.0_60]
	at java.lang.ClassLoader.defineClass(ClassLoader.java:800) ~[?:1.7.0_60]
	at java.security.SecureClassLoader.defineClass(SecureClassLoader.java:142) ~[?:1.7.0_60]
	at java.net.URLClassLoader.defineClass(URLClassLoader.java:449) ~[?:1.7.0_60]
	at java.net.URLClassLoader.access$100(URLClassLoader.java:71) ~[?:1.7.0_60]
	at java.net.URLClassLoader$1.run(URLClassLoader.java:361) ~[?:1.7.0_60]
	at java.net.URLClassLoader$1.run(URLClassLoader.java:355) ~[?:1.7.0_60]
	at java.security.AccessController.doPrivileged(Native Method) ~[?:1.7.0_60]
	at java.net.URLClassLoader.findClass(URLClassLoader.java:354) ~[?:1.7.0_60]
	at java.lang.ClassLoader.loadClass(ClassLoader.java:425) ~[?:1.7.0_60]
	at sun.misc.Launcher$AppClassLoader.loadClass(Launcher.java:308) ~[?:1.7.0_60]
	at java.lang.ClassLoader.loadClass(ClassLoader.java:358) ~[?:1.7.0_60]
	at net.canarymod.Main.main(Main.java:81) [classes/:?]
Caused by: java.lang.ClassNotFoundException: net.minecraft.command.ICommandSender
	at java.net.URLClassLoader$1.run(URLClassLoader.java:366) ~[?:1.7.0_60]
	at java.net.URLClassLoader$1.run(URLClassLoader.java:355) ~[?:1.7.0_60]
	at java.security.AccessController.doPrivileged(Native Method) ~[?:1.7.0_60]
	at java.net.URLClassLoader.findClass(URLClassLoader.java:354) ~[?:1.7.0_60]
	at java.lang.ClassLoader.loadClass(ClassLoader.java:425) ~[?:1.7.0_60]
	at sun.misc.Launcher$AppClassLoader.loadClass(Launcher.java:308) ~[?:1.7.0_60]
	at java.lang.ClassLoader.loadClass(ClassLoader.java:358) ~[?:1.7.0_60]
	... 13 more
